[debug] [2023-04-18T02:47:18.425Z] ----------------------------------------------------------------------
[debug] [2023-04-18T02:47:18.429Z] Command:       C:\Program Files\nodejs\node.exe C:\Program Files\nodejs\node_modules\firebase-tools\lib\bin\firebase.js init
[debug] [2023-04-18T02:47:18.430Z] CLI Version:   11.23.1
[debug] [2023-04-18T02:47:18.430Z] Platform:      win32
[debug] [2023-04-18T02:47:18.430Z] Node Version:  v14.20.0
[debug] [2023-04-18T02:47:18.436Z] Time:          Tue Apr 18 2023 09:47:18 GMT+0700 (Western Indonesia Time)
[debug] [2023-04-18T02:47:18.437Z] ----------------------------------------------------------------------
[debug] 
[debug] [2023-04-18T02:47:18.459Z] > command requires scopes: ["email","openid","https://www.googleapis.com/auth/cloudplatformprojects.readonly","https://www.googleapis.com/auth/firebase","https://www.googleapis.com/auth/cloud-platform"]
[debug] [2023-04-18T02:47:18.460Z] > authorizing via signed-in user (manageservicemdm@gmail.com)
[info] 
     ######## #### ########  ######## ########     ###     ######  ########
     ##        ##  ##     ## ##       ##     ##  ##   ##  ##       ##
     ######    ##  ########  ######   ########  #########  ######  ######
     ##        ##  ##    ##  ##       ##     ## ##     ##       ## ##
     ##       #### ##     ## ######## ########  ##     ##  ######  ########

You're about to initialize a Firebase project in this directory:

  C:\Users\hrd\Desktop\presensi-mdm

[info] 
=== Project Setup
[info] 
[info] First, let's associate this project directory with a Firebase project.
[info] You can create multiple project aliases by running firebase use --add, 
[info] but for now we'll just set up a default project.
[info] 
[debug] [2023-04-18T02:47:28.739Z] >>> [apiv2][query] GET https://firebase.googleapis.com/v1beta1/projects pageSize=100
[debug] [2023-04-18T02:47:29.494Z] <<< [apiv2][status] GET https://firebase.googleapis.com/v1beta1/projects 200
[debug] [2023-04-18T02:47:29.495Z] <<< [apiv2][body] GET https://firebase.googleapis.com/v1beta1/projects [omitted]
[info] i  Using project presensi-mdm (presensi-mdm) 
[info] 
=== Hosting Setup
[info] 
[info] Your public directory is the folder (relative to your project directory) that
[info] will contain Hosting assets to be uploaded with firebase deploy. If you
[info] have a build process for your assets, use your build's output directory.
[info] 
